Traceback (most recent call last):
  File "/home/thiagorr/.cache/pypoetry/virtualenvs/prog-stat-FyLUkzbW-py3.10/lib/python3.10/site-packages/jupyter_cache/executors/utils.py", line 58, in single_nb_execution
    executenb(
  File "/home/thiagorr/.cache/pypoetry/virtualenvs/prog-stat-FyLUkzbW-py3.10/lib/python3.10/site-packages/nbclient/client.py", line 1314, in execute
    return NotebookClient(nb=nb, resources=resources, km=km, **kwargs).execute()
  File "/home/thiagorr/.cache/pypoetry/virtualenvs/prog-stat-FyLUkzbW-py3.10/lib/python3.10/site-packages/jupyter_core/utils/__init__.py", line 165, in wrapped
    return loop.run_until_complete(inner)
  File "/usr/lib/python3.10/asyncio/base_events.py", line 649, in run_until_complete
    return future.result()
  File "/home/thiagorr/.cache/pypoetry/virtualenvs/prog-stat-FyLUkzbW-py3.10/lib/python3.10/site-packages/nbclient/client.py", line 709, in async_execute
    await self.async_execute_cell(
  File "/home/thiagorr/.cache/pypoetry/virtualenvs/prog-stat-FyLUkzbW-py3.10/lib/python3.10/site-packages/nbclient/client.py", line 1062, in async_execute_cell
    await self._check_raise_for_error(cell, cell_index, exec_reply)
  File "/home/thiagorr/.cache/pypoetry/virtualenvs/prog-stat-FyLUkzbW-py3.10/lib/python3.10/site-packages/nbclient/client.py", line 918, in _check_raise_for_error
    raise CellExecutionError.from_cell_and_msg(cell, exec_reply_content)
nbclient.exceptions.CellExecutionError: An error occurred while executing the following cell:
------------------
# Função para calcular o volume de uma esfera
def volume_of_sphere(dim):
    return (np.pi ** (dim / 2)) / sp.gamma(dim / 2 + 1)

# 1. Plotar gráfico para dimensões de 1 até 5
dimensions_small = np.arange(1, 6)
volumes_small = [volume_of_sphere(dim) for dim in dimensions_small]

plt.figure()
plt.plot(dimensions_small, volumes_small, marker='o')
plt.title("Volume da Esfera (Dimensões 1 até 5)")
plt.xlabel("Dimensão")
plt.ylabel("Volume")
plt.grid(True)
plt.show()
------------------


[0;31m---------------------------------------------------------------------------[0m
[0;31mNameError[0m                                 Traceback (most recent call last)
Cell [0;32mIn[3], line 7[0m
[1;32m      5[0m [38;5;66;03m# 1. Plotar gráfico para dimensões de 1 até 5[39;00m
[1;32m      6[0m dimensions_small [38;5;241m=[39m np[38;5;241m.[39marange([38;5;241m1[39m, [38;5;241m6[39m)
[0;32m----> 7[0m volumes_small [38;5;241m=[39m [volume_of_sphere(dim) [38;5;28;01mfor[39;00m dim [38;5;129;01min[39;00m dimensions_small]
[1;32m      9[0m plt[38;5;241m.[39mfigure()
[1;32m     10[0m plt[38;5;241m.[39mplot(dimensions_small, volumes_small, marker[38;5;241m=[39m[38;5;124m'[39m[38;5;124mo[39m[38;5;124m'[39m)

Cell [0;32mIn[3], line 7[0m, in [0;36m<listcomp>[0;34m(.0)[0m
[1;32m      5[0m [38;5;66;03m# 1. Plotar gráfico para dimensões de 1 até 5[39;00m
[1;32m      6[0m dimensions_small [38;5;241m=[39m np[38;5;241m.[39marange([38;5;241m1[39m, [38;5;241m6[39m)
[0;32m----> 7[0m volumes_small [38;5;241m=[39m [[43mvolume_of_sphere[49m[43m([49m[43mdim[49m[43m)[49m [38;5;28;01mfor[39;00m dim [38;5;129;01min[39;00m dimensions_small]
[1;32m      9[0m plt[38;5;241m.[39mfigure()
[1;32m     10[0m plt[38;5;241m.[39mplot(dimensions_small, volumes_small, marker[38;5;241m=[39m[38;5;124m'[39m[38;5;124mo[39m[38;5;124m'[39m)

Cell [0;32mIn[3], line 3[0m, in [0;36mvolume_of_sphere[0;34m(dim)[0m
[1;32m      2[0m [38;5;28;01mdef[39;00m [38;5;21mvolume_of_sphere[39m(dim):
[0;32m----> 3[0m     [38;5;28;01mreturn[39;00m (np[38;5;241m.[39mpi [38;5;241m*[39m[38;5;241m*[39m (dim [38;5;241m/[39m [38;5;241m2[39m)) [38;5;241m/[39m [43msp[49m[38;5;241m.[39mgamma(dim [38;5;241m/[39m [38;5;241m2[39m [38;5;241m+[39m [38;5;241m1[39m)

[0;31mNameError[0m: name 'sp' is not defined

